<?xml version="1.0" encoding="UTF-8"?>
<testng-results ignored="0" total="1" passed="1" failed="0" skipped="0">
  <reporter-output>
  </reporter-output>
  <suite started-at="2022-03-11T10:11:33Z" name="Default suite" finished-at="2022-03-11T10:11:46Z" duration-ms="12363">
    <groups>
    </groups>
    <test started-at="2022-03-11T10:11:33Z" name="Default test" finished-at="2022-03-11T10:11:46Z" duration-ms="12363">
      <class name="org.test.Flipkart">
        <test-method is-config="true" signature="beforeclass()[pri:0, instance:org.test.Flipkart@54a7079e]" started-at="2022-03-11T10:11:33Z" name="beforeclass" finished-at="2022-03-11T10:11:36Z" duration-ms="2344" status="PASS">
          <reporter-output>
          </reporter-output>
        </test-method> <!-- beforeclass -->
        <test-method is-config="true" signature="beforemethod()[pri:0, instance:org.test.Flipkart@54a7079e]" started-at="2022-03-11T10:11:36Z" name="beforemethod" finished-at="2022-03-11T10:11:36Z" duration-ms="1" status="PASS">
          <reporter-output>
          </reporter-output>
        </test-method> <!-- beforemethod -->
        <test-method signature="test1()[pri:1, instance:org.test.Flipkart@54a7079e]" started-at="2022-03-11T10:11:36Z" name="test1" finished-at="2022-03-11T10:11:45Z" duration-ms="9236" status="PASS">
          <reporter-output>
          </reporter-output>
        </test-method> <!-- test1 -->
        <test-method is-config="true" signature="aftermothod()[pri:0, instance:org.test.Flipkart@54a7079e]" started-at="2022-03-11T10:11:45Z" name="aftermothod" finished-at="2022-03-11T10:11:45Z" duration-ms="0" status="PASS">
          <reporter-output>
          </reporter-output>
        </test-method> <!-- aftermothod -->
        <test-method is-config="true" signature="afterclass()[pri:0, instance:org.test.Flipkart@54a7079e]" started-at="2022-03-11T10:11:45Z" name="afterclass" finished-at="2022-03-11T10:11:46Z" duration-ms="750" status="PASS">
          <reporter-output>
          </reporter-output>
        </test-method> <!-- afterclass -->
      </class> <!-- org.test.Flipkart -->
    </test> <!-- Default test -->
  </suite> <!-- Default suite -->
</testng-results>
